test_factorial (__main__.TestExercice) ... ERROR
test_prefixes (__main__.TestExercice) ... FAIL
test_summation (__main__.TestExercice) ... ERROR

======================================================================
ERROR: test_factorial (__main__.TestExercice)
----------------------------------------------------------------------
Traceback (most recent call last):
  File "test_exercice.py", line 44, in test_factorial
    output = [exercice.factorial(v) for v in values]
  File "test_exercice.py", line 44, in <listcomp>
    output = [exercice.factorial(v) for v in values]
  File "/home/runner/work/c03_ch5_exercices-mymanat/c03_ch5_exercices-mymanat/exercice.py", line 33, in factorial
    if n>0:
UnboundLocalError: local variable 'n' referenced before assignment

======================================================================
ERROR: test_summation (__main__.TestExercice)
----------------------------------------------------------------------
Traceback (most recent call last):
  File "test_exercice.py", line 33, in test_summation
    output = exercice.prime_integer_summation()
  File "/home/runner/work/c03_ch5_exercices-mymanat/c03_ch5_exercices-mymanat/exercice.py", line 23, in prime_integer_summation
    while premier<=100:
UnboundLocalError: local variable 'premier' referenced before assignment

======================================================================
FAIL: test_prefixes (__main__.TestExercice)
----------------------------------------------------------------------
Traceback (most recent call last):
  File "test_exercice.py", line 20, in test_prefixes
    'Mauvaise identification de la parité de la longueur de la chaine'
AssertionError: Lists differ: ['n'] != ['Jack', 'Kack', 'Lack', 'Mack', 'Nack', 'Oack', 'Pack']

First differing element 0:
'n'
'Jack'

Second list contains 6 additional elements.
First extra element 1:
'Kack'

- ['n']
+ ['Jack', 'Kack', 'Lack', 'Mack', 'Nack', 'Oack', 'Pack'] : Mauvaise identification de la parité de la longueur de la chaine

----------------------------------------------------------------------
Ran 3 tests in 0.001s

FAILED (failures=1, errors=2)
